# JRE version: Java(TM) SE Runtime Environment (8.0_162-b12) (build 1.8.0_162-b12)
# Java VM: Java HotSpot(TM) 64-Bit Server VM (25.162-b12 mixed mode windows-amd64 compressed oops)
Heap:
 PSYoungGen      total 6656K, used 3374K [0x00000000d5d80000, 0x00000000d6480000, 0x0000000100000000)
  eden space 6144K, 46% used [0x00000000d5d80000,0x00000000d604fa58,0x00000000d6380000)
  from space 512K, 96% used [0x00000000d6400000,0x00000000d647c010,0x00000000d6480000)
  to   space 512K, 0% used [0x00000000d6380000,0x00000000d6380000,0x00000000d6400000)
 ParOldGen       total 5632K, used 796K [0x0000000081800000, 0x0000000081d80000, 0x00000000d5d80000)
  object space 5632K, 14% used [0x0000000081800000,0x00000000818c7050,0x0000000081d80000)
 Metaspace       used 7202K, capacity 8180K, committed 8448K, reserved 1056768K
  class space    used 885K, capacity 944K, committed 1024K, reserved 1048576K
GC Heap History (8 events):
Event: 0.148 GC heap before
{Heap before GC invocations=1 (full 0):
 PSYoungGen      total 2048K, used 1536K [0x00000000d5d80000, 0x00000000d6000000, 0x0000000100000000)
  eden space 1536K, 100% used [0x00000000d5d80000,0x00000000d5f00000,0x00000000d5f00000)
  from space 512K, 0% used [0x00000000d5f80000,0x00000000d5f80000,0x00000000d6000000)
  to   space 512K, 0% used [0x00000000d5f00000,0x00000000d5f00000,0x00000000d5f80000)
 ParOldGen       total 5632K, used 0K [0x0000000081800000, 0x0000000081d80000, 0x00000000d5d80000)
  object space 5632K, 0% used [0x0000000081800000,0x0000000081800000,0x0000000081d80000)
 Metaspace       used 3410K, capacity 4812K, committed 5120K, reserved 1056768K
  class space    used 393K, capacity 456K, committed 512K, reserved 1048576K
Event: 0.150 GC heap after
Heap after GC invocations=1 (full 0):
 PSYoungGen      total 2048K, used 496K [0x00000000d5d80000, 0x00000000d6180000, 0x0000000100000000)
  eden space 1536K, 0% used [0x00000000d5d80000,0x00000000d5d80000,0x00000000d5f00000)
  from space 512K, 96% used [0x00000000d5f00000,0x00000000d5f7c010,0x00000000d5f80000)
  to   space 512K, 0% used [0x00000000d6100000,0x00000000d6100000,0x00000000d6180000)
 ParOldGen       total 5632K, used 56K [0x0000000081800000, 0x0000000081d80000, 0x00000000d5d80000)
  object space 5632K, 0% used [0x0000000081800000,0x000000008180e000,0x0000000081d80000)
 Metaspace       used 3410K, capacity 4812K, committed 5120K, reserved 1056768K
  class space    used 393K, capacity 456K, committed 512K, reserved 1048576K
}
Event: 0.194 GC heap before
{Heap before GC invocations=2 (full 0):
 PSYoungGen      total 2048K, used 2032K [0x00000000d5d80000, 0x00000000d6180000, 0x0000000100000000)
  eden space 1536K, 100% used [0x00000000d5d80000,0x00000000d5f00000,0x00000000d5f00000)
  from space 512K, 96% used [0x00000000d5f00000,0x00000000d5f7c010,0x00000000d5f80000)
  to   space 512K, 0% used [0x00000000d6100000,0x00000000d6100000,0x00000000d6180000)
 ParOldGen       total 5632K, used 56K [0x0000000081800000, 0x0000000081d80000, 0x00000000d5d80000)
  object space 5632K, 0% used [0x0000000081800000,0x000000008180e000,0x0000000081d80000)
 Metaspace       used 4061K, capacity 5324K, committed 5504K, reserved 1056768K
  class space    used 480K, capacity 520K, committed 640K, reserved 1048576K
Event: 0.197 GC heap after
Heap after GC invocations=2 (full 0):
 PSYoungGen      total 3584K, used 512K [0x00000000d5d80000, 0x00000000d6180000, 0x0000000100000000)
  eden space 3072K, 0% used [0x00000000d5d80000,0x00000000d5d80000,0x00000000d6080000)
  from space 512K, 100% used [0x00000000d6100000,0x00000000d6180000,0x00000000d6180000)
  to   space 512K, 0% used [0x00000000d6080000,0x00000000d6080000,0x00000000d6100000)
 ParOldGen       total 5632K, used 136K [0x0000000081800000, 0x0000000081d80000, 0x00000000d5d80000)
  object space 5632K, 2% used [0x0000000081800000,0x0000000081822000,0x0000000081d80000)
 Metaspace       used 4061K, capacity 5324K, committed 5504K, reserved 1056768K
  class space    used 480K, capacity 520K, committed 640K, reserved 1048576K
}
Event: 0.284 GC heap before
{Heap before GC invocations=3 (full 0):
 PSYoungGen      total 3584K, used 3584K [0x00000000d5d80000, 0x00000000d6180000, 0x0000000100000000)
  eden space 3072K, 100% used [0x00000000d5d80000,0x00000000d6080000,0x00000000d6080000)
  from space 512K, 100% used [0x00000000d6100000,0x00000000d6180000,0x00000000d6180000)
  to   space 512K, 0% used [0x00000000d6080000,0x00000000d6080000,0x00000000d6100000)
 ParOldGen       total 5632K, used 136K [0x0000000081800000, 0x0000000081d80000, 0x00000000d5d80000)
  object space 5632K, 2% used [0x0000000081800000,0x0000000081822000,0x0000000081d80000)
 Metaspace       used 5068K, capacity 6220K, committed 6400K, reserved 1056768K
  class space    used 623K, capacity 648K, committed 768K, reserved 1048576K
Event: 0.285 GC heap after
Heap after GC invocations=3 (full 0):
 PSYoungGen      total 3584K, used 496K [0x00000000d5d80000, 0x00000000d6480000, 0x0000000100000000)
  eden space 3072K, 0% used [0x00000000d5d80000,0x00000000d5d80000,0x00000000d6080000)
  from space 512K, 96% used [0x00000000d6080000,0x00000000d60fc010,0x00000000d6100000)
  to   space 512K, 0% used [0x00000000d6400000,0x00000000d6400000,0x00000000d6480000)
 ParOldGen       total 5632K, used 584K [0x0000000081800000, 0x0000000081d80000, 0x00000000d5d80000)
  object space 5632K, 10% used [0x0000000081800000,0x0000000081892030,0x0000000081d80000)
 Metaspace       used 5068K, capacity 6220K, committed 6400K, reserved 1056768K
  class space    used 623K, capacity 648K, committed 768K, reserved 1048576K
}
Event: 0.368 GC heap before
{Heap before GC invocations=4 (full 0):
 PSYoungGen      total 3584K, used 3484K [0x00000000d5d80000, 0x00000000d6480000, 0x0000000100000000)
  eden space 3072K, 97% used [0x00000000d5d80000,0x00000000d606b3a0,0x00000000d6080000)
  from space 512K, 96% used [0x00000000d6080000,0x00000000d60fc010,0x00000000d6100000)
  to   space 512K, 0% used [0x00000000d6400000,0x00000000d6400000,0x00000000d6480000)
 ParOldGen       total 5632K, used 584K [0x0000000081800000, 0x0000000081d80000, 0x00000000d5d80000)
  object space 5632K, 10% used [0x0000000081800000,0x0000000081892030,0x0000000081d80000)
 Metaspace       used 6085K, capacity 7182K, committed 7552K, reserved 1056768K
  class space    used 767K, capacity 778K, committed 896K, reserved 1048576K
Event: 0.369 GC heap after
Heap after GC invocations=4 (full 0):
 PSYoungGen      total 6656K, used 496K [0x00000000d5d80000, 0x00000000d6480000, 0x0000000100000000)
  eden space 6144K, 0% used [0x00000000d5d80000,0x00000000d5d80000,0x00000000d6380000)
  from space 512K, 96% used [0x00000000d6400000,0x00000000d647c010,0x00000000d6480000)
  to   space 512K, 0% used [0x00000000d6380000,0x00000000d6380000,0x00000000d6400000)
 ParOldGen       total 5632K, used 796K [0x0000000081800000, 0x0000000081d80000, 0x00000000d5d80000)
  object space 5632K, 14% used [0x0000000081800000,0x00000000818c7050,0x0000000081d80000)
 Metaspace       used 6085K, capacity 7182K, committed 7552K, reserved 1056768K
  class space    used 767K, capacity 778K, committed 896K, reserved 1048576K
}

